<?xml version="1.0" encoding="UTF-8"?>
<testsuite name="LeapYearTest" tests="4" skipped="0" failures="0" errors="0" timestamp="2015-08-30T05:18:22" hostname="Deep-Thought.local" time="0.005">
  <properties/>
  <testcase name="isLeapYear_forNumberNotDivisibleByFour_false" classname="LeapYearTest" time="0.003"/>
  <testcase name="isLeapYear_forNumberDivisibleByOneHundred_false" classname="LeapYearTest" time="0.0"/>
  <testcase name="isLeapYear_forNumberDivisibleByFour_true" classname="LeapYearTest" time="0.0"/>
  <testcase name="isLeapYear_forNumberDivisibleByFourHundred_true" classname="LeapYearTest" time="0.001"/>
  <system-out><![CDATA[]]></system-out>
  <system-err><![CDATA[]]></system-err>
</testsuite>
