<?xml version="1.0" encoding="UTF-8"?>
<testsuite name="ClockTimeTest" tests="3" skipped="0" failures="0" errors="0" timestamp="2015-08-27T06:15:42" hostname="Deep-Thought.local" time="0.003">
  <properties/>
  <testcase name="angleDistance_forTwelveOClock_zero" classname="ClockTimeTest" time="0.002"/>
  <testcase name="angleDistance_forSixOClock_oneHundredEighty" classname="ClockTimeTest" time="0.0"/>
  <testcase name="angleDistance_forSevenOClock_oneHundredFifty" classname="ClockTimeTest" time="0.0"/>
  <system-out><![CDATA[]]></system-out>
  <system-err><![CDATA[]]></system-err>
</testsuite>
