<?xml version="1.0" encoding="UTF-8"?>
<testsuite name="ClockTimeTest" tests="1" skipped="0" failures="0" errors="0" timestamp="2015-08-27T05:51:33" hostname="Deep-Thought.local" time="0.002">
  <properties/>
  <testcase name="angleDistance_forTwelveOClock_zero" classname="ClockTimeTest" time="0.002"/>
  <system-out><![CDATA[]]></system-out>
  <system-err><![CDATA[]]></system-err>
</testsuite>
