<?xml version="1.0" encoding="UTF-8"?>
<testsuite name="ClockTimeTest" tests="6" skipped="0" failures="0" errors="0" timestamp="2015-08-27T06:51:31" hostname="Deep-Thought.local" time="0.004">
  <properties/>
  <testcase name="angleDistance_forTwelveOClock_zero" classname="ClockTimeTest" time="0.002"/>
  <testcase name="angleDistance_forElevenTwenty_oneForty" classname="ClockTimeTest" time="0.0"/>
  <testcase name="angleDistance_forSixOClock_oneHundredEighty" classname="ClockTimeTest" time="0.0"/>
  <testcase name="angleDistance_forTwelveThirty_oneSixtyFive" classname="ClockTimeTest" time="0.001"/>
  <testcase name="angleDistance_forElevenFiftyNine_fivePointFive" classname="ClockTimeTest" time="0.0"/>
  <testcase name="angleDistance_forSevenOClock_oneHundredFifty" classname="ClockTimeTest" time="0.0"/>
  <system-out><![CDATA[]]></system-out>
  <system-err><![CDATA[]]></system-err>
</testsuite>
